-------------------------------------------------------------------------------
Test set: com.example.springboot.AdminTestCase
-------------------------------------------------------------------------------
Tests run: 2, Failures: 0, Errors: 1, Skipped: 0, Time elapsed: 7.275 s <<< FAILURE! - in com.example.springboot.AdminTestCase
testCreate  Time elapsed: 0.013 s  <<< ERROR!
java.lang.NoSuchMethodError: 'void com.example.springboot.model.Admin.setFirstName(java.lang.String)'
	at com.example.springboot.AdminTestCase.testCreate(AdminTestCase.java:27)

